
{"level":"info","message":"Server listening on 3001","timestamp":"2024-03-15 09:51::05.571 AM"}
{"level":"info","message":"connected to database","timestamp":"2024-03-15 09:51::05.928 AM"}
{"level":"error","message":"User is not authorized to access this resource","timestamp":"2024-03-15 09:53::05.521 AM"}
{"level":"error","message":"User is not authorized to access this resource","timestamp":"2024-03-15 09:53::05.542 AM"}
{"level":"info","message":"Server listening on 3001","timestamp":"2024-03-15 09:53::53.765 AM"}
{"level":"info","message":"connected to database","timestamp":"2024-03-15 09:53::54.186 AM"}
{"level":"info","message":"Server listening on 3001","timestamp":"2024-03-15 09:54::28.131 AM"}
{"level":"info","message":"connected to database","timestamp":"2024-03-15 09:54::28.498 AM"}
{"level":"info","message":"Server listening on 3001","timestamp":"2024-03-15 10:07::25.153 AM"}
{"level":"info","message":"connected to database","timestamp":"2024-03-15 10:07::25.501 AM"}
{"level":"info","message":"Server listening on 3001","timestamp":"2024-03-15 10:15::35.524 AM"}
{"level":"info","message":"connected to database","timestamp":"2024-03-15 10:15::35.906 AM"}
{"level":"info","message":"Server listening on 3001","timestamp":"2024-03-17 01:46::27.072 PM"}
{"level":"info","message":"connected to database","timestamp":"2024-03-17 01:46::27.589 PM"}
{"level":"info","message":"Server listening on 3001","timestamp":"2024-03-19 05:52::36.019 PM"}
{"level":"info","message":"connected to database","timestamp":"2024-03-19 05:52::36.438 PM"}
{"level":"info","message":"Server listening on 3001","timestamp":"2024-03-18 07:30::37.119 AM"}
{"level":"info","message":"connected to database","timestamp":"2024-03-18 07:30::38.825 AM"}
{"level":"info","message":"Server listening on 3001","timestamp":"2024-03-20 07:32::37.369 AM"}
{"level":"info","message":"connected to database","timestamp":"2024-03-20 07:32::38.213 AM"}
{"level":"info","message":"Server listening on 3001","timestamp":"2024-05-20 11:07::18.644 AM"}
{"level":"info","message":"connected to database","timestamp":"2024-05-20 11:07::19.117 AM"}
{"level":"info","message":"Server listening on undefined","timestamp":"2024-05-20 01:56::22.316 PM"}
{"level":"error","message":"connection error","timestamp":"2024-05-20 01:56::22.378 PM"}
{"level":"info","message":"Server listening on undefined","timestamp":"2024-05-20 01:58::05.803 PM"}
{"level":"error","message":"connection error","timestamp":"2024-05-20 01:58::05.833 PM"}
{"level":"info","message":"Server listening on undefined","timestamp":"2024-05-20 01:59::17.555 PM"}
{"level":"error","message":"connection error","timestamp":"2024-05-20 01:59::17.685 PM"}
{"level":"info","message":"Server listening on 3001","timestamp":"2024-05-20 02:00::56.355 PM"}
{"level":"error","message":"connection error","timestamp":"2024-05-20 02:00::56.387 PM"}
{"level":"info","message":"Server listening on 3001","timestamp":"2024-05-20 03:10::46.404 PM"}
{"level":"info","message":"connected to database","timestamp":"2024-05-20 03:10::46.802 PM"}
